2024-08-20 09:03:41,822 INFO c.v.m.MgrApplication [restartedMain] Starting MgrApplication using Java 17.0.10 on Notebook-DiTerlizzi with PID 9632 (C:\Users\Antonio Di Terlizzi\Documents\GitHub\mgrBE\target\classes started by Antonio Di Terlizzi in C:\Users\Antonio Di Terlizzi\Documents\GitHub\mgrBE)
2024-08-20 09:03:41,848 DEBUG c.v.m.MgrApplication [restartedMain] Running with Spring Boot v2.5.0, Spring v5.3.7
2024-08-20 09:03:41,848 INFO c.v.m.MgrApplication [restartedMain] No active profile set, falling back to default profiles: default
2024-08-20 09:03:48,429 INFO c.v.m.MgrApplication [restartedMain] Started MgrApplication in 6.994 seconds (JVM running for 7.931)
2024-08-20 09:03:52,657 DEBUG c.v.m.c.UtenteController [http-nio-8080-exec-1] Ingresso api /api/utente/loginCheck?accountName=antonioroberto.diterlizzi
2024-08-20 09:03:52,939 DEBUG c.v.m.s.UtenteService [http-nio-8080-exec-1] {
    "not_logged_user_menu": [
        {
            "titolo": "Novità software",
            "url": "/"
        },
        {
            "titolo": "Documentazione",
            "url": "/"
        },
        {
            "titolo": "Link utili",
            "url": "/"
        }
    ],
    "small_user_menu": [
        {
            "titolo": "Dettaglio Utente",
            "url": "/api/utente/dettaglioUtente"
        },
        {
            "titolo": "Help",
            "url": "/api/utente/help"
        },
        {
            "titolo": "Logout",
            "url": "/api/utente/logout"
        }
    ],
    "json_menu": [
        {
            "id_ruolo": 1,
            "voci_menu": [
                {
                    "titolo": "Dashboard",
                    "url": "/"
                },
                {
                    "titolo": "Inserisci Richiesta",
                    "sottovoci": [
                        {
                            "titolo": "Acquisto",
                            "url": "/voce_menu2/sottovoce2.1"
                        },
                        {
                            "titolo": "Assegnazione Materiale Informatico",
                            "url": "/voce_menu2/sottovoce2.1"
                        },
                        {
                            "titolo": "Assegnazione Materiale Operativo",
                            "url": "/voce_menu2/sottovoce2.2"
                        },
                        {
                            "titolo": "Assegnazione Materiale Logistico",
                            "url": "/voce_menu2/sottovoce2.3"
                        },
                        {
                            "titolo": "Corsi",
                            "url": "/voce_menu2/sottovoce2.3"
                        },
                        {
                            "titolo": "DPI",
                            "url": "/voce_menu2/sottovoce2.3"
                        }
                    ]
                },
                {
                    "titolo": "Gestione Richieste"
                },
                {
                    "titolo": "Storico Richieste"
                },
                {
                    "titolo": "Amministrazione",
                    "sottovoci": [
                        {
                            "titolo": "Inserisci Tipologia Richiesta",
                            "url": "/voce_menu1/sottovoce1.1"
                        },
                        {
                            "titolo": "Gestione Tipolgia Richiesta",
                            "url": "/voce_menu1/sottovoce1.2"
                        },
                        {
                            "titolo": "Inserisci Settore di Competenza",
                            "url": "/voce_menu1/sottovoce1.3"
                        },
                        {
                            "titolo": "Gestione Settori di Competenza",
                            "url": "/voce_menu1/sottovoce1.3"
                        }
                    ]
                }
            ]
        },
        {
            "id_ruolo": 2,
            "voci_menu": [
                {
                    "titolo": "Voce Menu 3",
                    "sottovoci": [
                        {
                            "titolo": "Sottovoce 3.1",
                            "url": "/voce_menu2/sottovoce3.1"
                        },
                        {
                            "titolo": "Sottovoce 3.2",
                            "url": "/voce_menu2/sottovoce3.2"
                        },
                        {
                            "titolo": "Sottovoce 3.3",
                            "url": "/voce_menu2/sottovoce3.3"
                        }
                    ]
                },
                {
                    "titolo": "Voce Menu 2",
                    "sottovoci": [
                        {
                            "titolo": "Sottovoce 2.1",
                            "url": "/voce_menu1/sottovoce2.1"
                        },
                        {
                            "titolo": "Sottovoce 2.2",
                            "url": "/voce_menu1/sottovoce2.2"
                        },
                        {
                            "titolo": "Sottovoce 2.3",
                            "url": "/voce_menu1/sottovoce2.3"
                        }
                    ]
                },
                {
                    "titolo": "Home",
                    "url": "/"
                }
            ]
        }
    ]
}

2024-08-20 09:03:52,947 DEBUG c.v.m.s.UtenteService [http-nio-8080-exec-1] [{"titolo":"Dashboard","url":"/"},{"titolo":"Inserisci Richiesta","sottovoci":[{"titolo":"Acquisto","url":"/voce_menu2/sottovoce2.1"},{"titolo":"Assegnazione Materiale Informatico","url":"/voce_menu2/sottovoce2.1"},{"titolo":"Assegnazione Materiale Operativo","url":"/voce_menu2/sottovoce2.2"},{"titolo":"Assegnazione Materiale Logistico","url":"/voce_menu2/sottovoce2.3"},{"titolo":"Corsi","url":"/voce_menu2/sottovoce2.3"},{"titolo":"DPI","url":"/voce_menu2/sottovoce2.3"}]},{"titolo":"Gestione Richieste"},{"titolo":"Storico Richieste"},{"titolo":"Amministrazione","sottovoci":[{"titolo":"Inserisci Tipologia Richiesta","url":"/voce_menu1/sottovoce1.1"},{"titolo":"Gestione Tipolgia Richiesta","url":"/voce_menu1/sottovoce1.2"},{"titolo":"Inserisci Settore di Competenza","url":"/voce_menu1/sottovoce1.3"},{"titolo":"Gestione Settori di Competenza","url":"/voce_menu1/sottovoce1.3"}]}]
2024-08-20 09:03:52,971 INFO c.v.m.s.UtenteService [http-nio-8080-exec-1] Utente antonioroberto.diterlizzi già censito a DB.
2024-08-20 09:04:36,698 DEBUG c.v.m.c.RichiestaController [http-nio-8080-exec-5] Ingresso api /api/richiesta/cerca
2024-08-20 09:04:38,309 DEBUG c.v.m.c.RichiestaController [http-nio-8080-exec-8] Ingresso api /api/richiesta/cerca
2024-08-20 09:04:43,005 DEBUG c.v.m.c.UtenteController [http-nio-8080-exec-9] Rinnovo del token con refresh token: eyJhbGciOiJIUzUxMiJ9.eyJzdWIiOiJhbnRvbmlvcm9iZXJ0by5kaXRlcmxpenppIiwiaWF0IjoxNzI0MTAwMDE1LCJleHAiOjE3MjQxODY0MTV9.x3f-8prMF66St7XA-xAreszoK2T189KGzNMuMQY2WoujeP9QCHOpuOeynYUSAcQg5ccql-n4dOe--NSmUiI4yQ
2024-08-20 09:05:20,918 DEBUG c.v.m.c.UtenteController [http-nio-8080-exec-2] Rinnovo del token con refresh token: eyJhbGciOiJIUzUxMiJ9.eyJzdWIiOiJhbnRvbmlvcm9iZXJ0by5kaXRlcmxpenppIiwiaWF0IjoxNzI0MTM3NDgzLCJleHAiOjE3MjQyMjM4ODN9.qGFse_Fyg1q7vUCl-aKsZ_9EfPHopCKgtlf1KMNKL88WF5hbbQqmbbYxWgFwmTGiVTt4BXPvYabUxo7p5VnxjQ
2024-08-20 09:05:28,013 DEBUG c.v.m.c.UtenteController [http-nio-8080-exec-3] Rinnovo del token con refresh token: eyJhbGciOiJIUzUxMiJ9.eyJzdWIiOiJhbnRvbmlvcm9iZXJ0by5kaXRlcmxpenppIiwiaWF0IjoxNzI0MTM3NTIwLCJleHAiOjE3MjQxMzg0MjB9.UVa-_XVENgbrI1eeFVEYGUTPE4-kTM90thKtMNTOw9vcIQSXRdrSi0AMczM8HeRuoH2FzGtxu-dq1LsJyI1_mw
2024-08-20 09:05:44,399 DEBUG c.v.m.c.UtenteController [http-nio-8080-exec-6] Rinnovo del token con refresh token: eyJhbGciOiJIUzUxMiJ9.eyJzdWIiOiJhbnRvbmlvcm9iZXJ0by5kaXRlcmxpenppIiwiaWF0IjoxNzI0MTM3NDMyLCJleHAiOjE3MjQyMjM4MzJ9.KJ_e0BNyzFIO3KWV0qdnLTC5j9P1rJ6KfmYmjUx5toQZucwXnS7p1cR-M1tbfeYpVaNq7OBQXap0-THV1UktSw
2024-08-20 09:05:48,525 DEBUG c.v.m.c.UtenteController [http-nio-8080-exec-7] Rinnovo del token con refresh token: eyJhbGciOiJIUzUxMiJ9.eyJzdWIiOiJhbnRvbmlvcm9iZXJ0by5kaXRlcmxpenppIiwiaWF0IjoxNzI0MTM3NDMyLCJleHAiOjE3MjQyMjM4MzJ9.KJ_e0BNyzFIO3KWV0qdnLTC5j9P1rJ6KfmYmjUx5toQZucwXnS7p1cR-M1tbfeYpVaNq7OBQXap0-THV1UktSw
2024-08-20 09:07:29,460 INFO c.v.m.MgrApplication [restartedMain] Starting MgrApplication using Java 17.0.10 on Notebook-DiTerlizzi with PID 9632 (C:\Users\Antonio Di Terlizzi\Documents\GitHub\mgrBE\target\classes started by Antonio Di Terlizzi in C:\Users\Antonio Di Terlizzi\Documents\GitHub\mgrBE)
2024-08-20 09:07:29,461 DEBUG c.v.m.MgrApplication [restartedMain] Running with Spring Boot v2.5.0, Spring v5.3.7
2024-08-20 09:07:29,461 INFO c.v.m.MgrApplication [restartedMain] No active profile set, falling back to default profiles: default
2024-08-20 09:07:31,598 INFO c.v.m.MgrApplication [restartedMain] Started MgrApplication in 2.22 seconds (JVM running for 231.1)
2024-08-20 09:27:31,867 DEBUG c.v.m.c.UtenteController [http-nio-8080-exec-4] Rinnovo del token con refresh token: eyJhbGciOiJIUzUxMiJ9.eyJzdWIiOiJhbnRvbmlvcm9iZXJ0by5kaXRlcmxpenppIiwiaWF0IjoxNzI0MTM3NDMyLCJleHAiOjE3MjQyMjM4MzJ9.KJ_e0BNyzFIO3KWV0qdnLTC5j9P1rJ6KfmYmjUx5toQZucwXnS7p1cR-M1tbfeYpVaNq7OBQXap0-THV1UktSw
